2022-12-26 21:00:53.593 [info] Reading sessions from secret storage...
2022-12-26 21:00:53.594 [info] Got 0 stored sessions
2022-12-26 21:00:53.653 [info] Getting sessions for the following scopes: email offline_access openid profile
2022-12-26 21:00:53.653 [info] Got 0 sessions for scopes: email offline_access openid profile
2022-12-26 21:00:54.140 [info] Getting sessions for all scopes...
2022-12-26 21:00:54.140 [info] Got 0 sessions for all scopes...
2022-12-26 21:00:57.879 [info] Getting sessions for the following scopes: email offline_access openid profile
2022-12-26 21:00:57.879 [info] Got 0 sessions for scopes: email offline_access openid profile
2022-12-26 21:01:00.337 [info] Logging in for the following scopes: email offline_access openid profile
2022-12-26 21:01:24.388 [info] Exchanging login code for token for scopes: email offline_access openid profile
2022-12-26 21:01:24.702 [info] Exchanging login code for token (for scopes: email offline_access openid profile) succeeded!
2022-12-26 21:01:24.702 [info] Setting token for scopes: email offline_access openid profile
2022-12-26 21:01:24.704 [info] Login successful for scopes: email offline_access openid profile
2022-12-26 21:01:24.704 [info] Token available from cache (for scopes email offline_access openid profile), expires in 4244996 milliseconds
2022-12-26 21:01:24.708 [info] Getting sessions for the following scopes: email offline_access openid profile
2022-12-26 21:01:24.708 [info] Got 1 sessions for scopes: email offline_access openid profile
2022-12-26 21:01:24.708 [info] Token available from cache (for scopes email offline_access openid profile), expires in 4244992 milliseconds
2022-12-26 21:01:24.710 [info] Getting sessions for the following scopes: email offline_access openid profile
2022-12-26 21:01:24.710 [info] Got 1 sessions for scopes: email offline_access openid profile
2022-12-26 21:01:24.710 [info] Token available from cache (for scopes email offline_access openid profile), expires in 4244990 milliseconds
2022-12-26 21:02:52.991 [info] Getting sessions for all scopes...
2022-12-26 21:02:52.991 [info] Got 1 sessions for all scopes...
2022-12-26 21:02:55.925 [info] Getting sessions for all scopes...
2022-12-26 21:02:55.925 [info] Got 1 sessions for all scopes...
2022-12-26 21:03:03.101 [info] Getting sessions for all scopes...
2022-12-26 21:03:03.101 [info] Got 1 sessions for all scopes...
2022-12-26 21:03:05.557 [info] Getting sessions for all scopes...
2022-12-26 21:03:05.557 [info] Got 1 sessions for all scopes...
2022-12-26 21:03:05.698 [info] Getting sessions for the following scopes: email offline_access openid profile
2022-12-26 21:03:05.698 [info] Got 1 sessions for scopes: email offline_access openid profile
2022-12-26 21:03:05.698 [info] Token available from cache (for scopes email offline_access openid profile), expires in 4144002 milliseconds
2022-12-26 21:03:13.725 [info] Getting sessions for all scopes...
2022-12-26 21:03:13.725 [info] Got 1 sessions for all scopes...
2022-12-26 21:03:44.791 [info] Getting sessions for all scopes...
2022-12-26 21:03:44.791 [info] Got 1 sessions for all scopes...
2022-12-26 21:03:54.446 [info] Getting sessions for all scopes...
2022-12-26 21:03:54.446 [info] Got 1 sessions for all scopes...
2022-12-26 21:03:57.262 [info] Getting sessions for all scopes...
2022-12-26 21:03:57.262 [info] Got 1 sessions for all scopes...
2022-12-26 21:03:59.071 [info] Getting sessions for all scopes...
2022-12-26 21:03:59.071 [info] Got 1 sessions for all scopes...
2022-12-26 21:04:14.455 [info] Getting sessions for all scopes...
2022-12-26 21:04:14.455 [info] Got 1 sessions for all scopes...
2022-12-26 21:04:16.744 [info] Getting sessions for all scopes...
2022-12-26 21:04:16.744 [info] Got 1 sessions for all scopes...
2022-12-26 21:04:18.529 [info] Getting sessions for all scopes...
2022-12-26 21:04:18.529 [info] Got 1 sessions for all scopes...
2022-12-26 21:04:20.416 [info] Getting sessions for all scopes...
2022-12-26 21:04:20.416 [info] Got 1 sessions for all scopes...
2022-12-26 21:04:22.239 [info] Getting sessions for all scopes...
2022-12-26 21:04:22.239 [info] Got 1 sessions for all scopes...
2022-12-26 21:04:24.327 [info] Getting sessions for all scopes...
2022-12-26 21:04:24.328 [info] Got 1 sessions for all scopes...
2022-12-26 21:04:26.712 [info] Getting sessions for all scopes...
2022-12-26 21:04:26.712 [info] Got 1 sessions for all scopes...
2022-12-26 21:04:28.520 [info] Getting sessions for all scopes...
2022-12-26 21:04:28.520 [info] Got 1 sessions for all scopes...
2022-12-26 21:04:37.600 [info] Getting sessions for all scopes...
2022-12-26 21:04:37.600 [info] Got 1 sessions for all scopes...
2022-12-26 21:04:47.409 [info] Getting sessions for all scopes...
2022-12-26 21:04:47.409 [info] Got 1 sessions for all scopes...
2022-12-26 21:04:51.321 [info] Getting sessions for all scopes...
2022-12-26 21:04:51.321 [info] Got 1 sessions for all scopes...
2022-12-26 21:04:55.009 [info] Getting sessions for all scopes...
2022-12-26 21:04:55.009 [info] Got 1 sessions for all scopes...
2022-12-26 21:04:58.369 [info] Getting sessions for all scopes...
2022-12-26 21:04:58.369 [info] Got 1 sessions for all scopes...
2022-12-26 21:05:02.329 [info] Getting sessions for all scopes...
2022-12-26 21:05:02.329 [info] Got 1 sessions for all scopes...
2022-12-26 21:05:08.290 [info] Getting sessions for all scopes...
2022-12-26 21:05:08.290 [info] Got 1 sessions for all scopes...
2022-12-26 21:05:18.802 [info] Getting sessions for all scopes...
2022-12-26 21:05:18.802 [info] Got 1 sessions for all scopes...
2022-12-26 21:05:20.401 [info] Getting sessions for all scopes...
2022-12-26 21:05:20.401 [info] Got 1 sessions for all scopes...
2022-12-26 21:05:32.066 [info] Getting sessions for all scopes...
2022-12-26 21:05:32.066 [info] Got 1 sessions for all scopes...
