2022-12-26 21:00:09.572 [info] Reading sessions from secret storage...
2022-12-26 21:00:09.572 [info] Got 0 stored sessions
2022-12-26 21:00:09.573 [info] Getting sessions for the following scopes: email offline_access openid profile
2022-12-26 21:00:09.573 [info] Got 0 sessions for scopes: email offline_access openid profile
2022-12-26 21:00:09.972 [info] Getting sessions for all scopes...
2022-12-26 21:00:09.972 [info] Got 0 sessions for all scopes...
2022-12-26 21:00:15.106 [info] Getting sessions for all scopes...
2022-12-26 21:00:15.106 [info] Got 0 sessions for all scopes...
2022-12-26 21:00:18.354 [info] Getting sessions for all scopes...
2022-12-26 21:00:18.354 [info] Got 0 sessions for all scopes...
2022-12-26 21:00:19.233 [info] Getting sessions for all scopes...
2022-12-26 21:00:19.234 [info] Got 0 sessions for all scopes...
2022-12-26 21:00:20.242 [info] Getting sessions for all scopes...
2022-12-26 21:00:20.242 [info] Got 0 sessions for all scopes...
2022-12-26 21:00:23.802 [info] Getting sessions for all scopes...
2022-12-26 21:00:23.802 [info] Got 0 sessions for all scopes...
2022-12-26 21:00:24.754 [info] Getting sessions for all scopes...
2022-12-26 21:00:24.754 [info] Got 0 sessions for all scopes...
2022-12-26 21:00:25.610 [info] Getting sessions for all scopes...
2022-12-26 21:00:25.610 [info] Got 0 sessions for all scopes...
2022-12-26 21:00:26.146 [info] Getting sessions for all scopes...
2022-12-26 21:00:26.146 [info] Got 0 sessions for all scopes...
2022-12-26 21:00:29.869 [info] Getting sessions for the following scopes: email offline_access openid profile
2022-12-26 21:00:29.869 [info] Got 0 sessions for scopes: email offline_access openid profile
2022-12-26 21:00:31.400 [info] Logging in for the following scopes: email offline_access openid profile
