2023-01-03 00:18:45.419 [info] Using settings sync service https://vscode-sync.trafficmanager.net/
2023-01-03 00:18:45.419 [info] Auto Sync is enabled.
2023-01-03 00:18:45.420 [info] Auto Sync: Suspended until auth token is available.
2023-01-03 00:18:52.804 [info] Auto Sync: Triggered by Interval
2023-01-03 00:18:52.805 [info] Sync started.
2023-01-03 00:18:54.081 [info] Profiles: No changes found during synchronizing profiles.
2023-01-03 00:18:54.138 [info] Settings: No changes found during synchronizing settings.
2023-01-03 00:18:54.162 [info] Keybindings: No changes found during synchronizing keybindings.
2023-01-03 00:18:54.174 [info] Snippets: No changes found during synchronizing snippets.
2023-01-03 00:18:54.184 [info] Tasks: No changes found during synchronizing tasks.
2023-01-03 00:18:57.690 [info] GlobalState: Updated remote ui state. Updated: workbench.statusbar.hidden,cpp.1.lastSessionDate,cpp.1.sessionCount,java.2.lastSessionDate,java.2.sessionCount,typescript.1.lastSessionDate,typescript.1.sessionCount.
2023-01-03 00:19:00.049 [info] GlobalState: Updated last synchronized ui state
2023-01-03 00:19:00.321 [info] Extensions: No changes found during synchronizing extensions.
2023-01-03 00:19:00.330 [info] Sync done. Took 7529ms
2023-01-03 00:19:23.995 [info] Auto Sync: Triggered by Activity
2023-01-03 00:19:23.996 [info] Sync started.
2023-01-03 00:19:24.174 [info] Profiles: No changes found during synchronizing profiles.
2023-01-03 00:19:24.210 [info] Settings: No changes found during synchronizing settings.
2023-01-03 00:19:24.225 [info] Keybindings: No changes found during synchronizing keybindings.
2023-01-03 00:19:24.236 [info] Snippets: No changes found during synchronizing snippets.
2023-01-03 00:19:24.246 [info] Tasks: No changes found during synchronizing tasks.
2023-01-03 00:19:24.262 [info] GlobalState: No changes found during synchronizing ui state.
2023-01-03 00:19:24.597 [info] Extensions: No changes found during synchronizing extensions.
2023-01-03 00:19:24.604 [info] Sync done. Took 609ms
