2022-12-26 21:00:55.708 [info] [perf] Render performance baseline is 191ms
2022-12-26 21:01:24.893 [info] Settings Sync: Updated current session f8cdef31-a31e-4b4a-93e4-5f571e91255a/1:live.com:0003400149590E4D/081635a7-35bf-46fb-a5cd-286768544f89
2022-12-26 21:01:42.844 [error] ENOENT: no such file or directory, open '/home/amateur_hacker/.config/Code/User/globalStorage/vscodevim.vim/.registers': Error: ENOENT: no such file or directory, open '/home/amateur_hacker/.config/Code/User/globalStorage/vscodevim.vim/.registers'
2022-12-26 21:01:59.740 [warning] [ms-vscode.cmake-tools]: Cannot register 'cmake.cmakePath'. This property is already registered.
2022-12-26 21:02:09.497 [error] Module 'pip' not installed.: Error: Module 'pip' not installed.
    at l.execModule (/home/amateur_hacker/.vscode/extensions/ms-toolsai.jupyter-2022.11.1003412109/out/extension.node.js:7:82791)
    at r.getPackageInformation (/home/amateur_hacker/.vscode/extensions/ms-toolsai.jupyter-2022.11.1003412109/out/extension.node.js:17:42188)
2022-12-26 21:02:19.474 [error] Could not find category with ID: ms-vscode.cpptools#cppWelcome: Error: Could not find category with ID: ms-vscode.cpptools#cppWelcome
    at vscode-file://vscode-app/opt/visual-studio-code/resources/app/out/vs/workbench/workbench.desktop.main.js:2757:84482
    at u.invoke (vscode-file://vscode-app/opt/visual-studio-code/resources/app/out/vs/workbench/workbench.desktop.main.js:85:145)
    at s.deliver (vscode-file://vscode-app/opt/visual-studio-code/resources/app/out/vs/workbench/workbench.desktop.main.js:85:2029)
    at d.fire (vscode-file://vscode-app/opt/visual-studio-code/resources/app/out/vs/workbench/workbench.desktop.main.js:85:1667)
    at N.progressStep (vscode-file://vscode-app/opt/visual-studio-code/resources/app/out/vs/workbench/workbench.desktop.main.js:2030:26245)
    at N.W (vscode-file://vscode-app/opt/visual-studio-code/resources/app/out/vs/workbench/workbench.desktop.main.js:2030:28383)
    at vscode-file://vscode-app/opt/visual-studio-code/resources/app/out/vs/workbench/workbench.desktop.main.js:2030:26905
    at Array.forEach (<anonymous>)
    at N._registerWalkthrough (vscode-file://vscode-app/opt/visual-studio-code/resources/app/out/vs/workbench/workbench.desktop.main.js:2030:26723)
    at vscode-file://vscode-app/opt/visual-studio-code/resources/app/out/vs/workbench/workbench.desktop.main.js:2030:24714
    at async Promise.all (index 0)
    at async N.Q (vscode-file://vscode-app/opt/visual-studio-code/resources/app/out/vs/workbench/workbench.desktop.main.js:2030:22640)
    at async Promise.all (index 0)
    at async u.a (vscode-file://vscode-app/opt/visual-studio-code/resources/app/out/vs/workbench/workbench.desktop.main.js:2030:19520)
