["INFO" - 9:01:39 PM] Extension Name: esbenp.prettier-vscode.
["INFO" - 9:01:39 PM] Extension Version: 9.10.3.
["INFO" - 9:02:34 PM] Formatting vscode-userdata:/home/amateur_hacker/.config/Code/User/settings.json
["INFO" - 9:02:35 PM] File Info:
{
  "ignored": false,
  "inferredParser": "json"
}
["INFO" - 9:02:35 PM] No local configuration (i.e. .prettierrc or .editorconfig) detected, falling back to VS Code configuration
["INFO" - 9:02:35 PM] Prettier Options:
{
  "arrowParens": "always",
  "bracketSpacing": true,
  "endOfLine": "lf",
  "htmlWhitespaceSensitivity": "css",
  "insertPragma": false,
  "singleAttributePerLine": false,
  "bracketSameLine": false,
  "jsxBracketSameLine": false,
  "jsxSingleQuote": false,
  "printWidth": 80,
  "proseWrap": "preserve",
  "quoteProps": "as-needed",
  "requirePragma": false,
  "semi": true,
  "singleQuote": false,
  "tabWidth": 2,
  "trailingComma": "es5",
  "useTabs": false,
  "vueIndentScriptAndStyle": false,
  "filepath": "/home/amateur_hacker/.config/Code/User/settings.json",
  "parser": "json"
}
["INFO" - 9:02:35 PM] Formatting completed in 553ms.
["INFO" - 9:04:12 PM] Formatting vscode-userdata:/home/amateur_hacker/.config/Code/User/settings.json
["INFO" - 9:04:12 PM] File Info:
{
  "ignored": false,
  "inferredParser": "json"
}
["INFO" - 9:04:12 PM] No local configuration (i.e. .prettierrc or .editorconfig) detected, falling back to VS Code configuration
["INFO" - 9:04:12 PM] Prettier Options:
{
  "arrowParens": "always",
  "bracketSpacing": true,
  "endOfLine": "lf",
  "htmlWhitespaceSensitivity": "css",
  "insertPragma": false,
  "singleAttributePerLine": false,
  "bracketSameLine": false,
  "jsxBracketSameLine": false,
  "jsxSingleQuote": false,
  "printWidth": 80,
  "proseWrap": "preserve",
  "quoteProps": "as-needed",
  "requirePragma": false,
  "semi": true,
  "singleQuote": false,
  "tabWidth": 2,
  "trailingComma": "es5",
  "useTabs": false,
  "vueIndentScriptAndStyle": false,
  "filepath": "/home/amateur_hacker/.config/Code/User/settings.json",
  "parser": "json"
}
["INFO" - 9:04:12 PM] Formatting completed in 25ms.
["INFO" - 9:04:34 PM] Formatting vscode-userdata:/home/amateur_hacker/.config/Code/User/settings.json
["INFO" - 9:04:34 PM] File Info:
{
  "ignored": false,
  "inferredParser": "json"
}
["INFO" - 9:04:34 PM] No local configuration (i.e. .prettierrc or .editorconfig) detected, falling back to VS Code configuration
["INFO" - 9:04:34 PM] Prettier Options:
{
  "arrowParens": "always",
  "bracketSpacing": true,
  "endOfLine": "lf",
  "htmlWhitespaceSensitivity": "css",
  "insertPragma": false,
  "singleAttributePerLine": false,
  "bracketSameLine": false,
  "jsxBracketSameLine": false,
  "jsxSingleQuote": false,
  "printWidth": 80,
  "proseWrap": "preserve",
  "quoteProps": "as-needed",
  "requirePragma": false,
  "semi": true,
  "singleQuote": false,
  "tabWidth": 2,
  "trailingComma": "es5",
  "useTabs": false,
  "vueIndentScriptAndStyle": false,
  "filepath": "/home/amateur_hacker/.config/Code/User/settings.json",
  "parser": "json"
}
["INFO" - 9:04:34 PM] Formatting completed in 11ms.
["INFO" - 9:05:16 PM] Formatting vscode-userdata:/home/amateur_hacker/.config/Code/User/settings.json
["INFO" - 9:05:16 PM] File Info:
{
  "ignored": false,
  "inferredParser": "json"
}
["INFO" - 9:05:16 PM] No local configuration (i.e. .prettierrc or .editorconfig) detected, falling back to VS Code configuration
["INFO" - 9:05:16 PM] Prettier Options:
{
  "arrowParens": "always",
  "bracketSpacing": true,
  "endOfLine": "lf",
  "htmlWhitespaceSensitivity": "css",
  "insertPragma": false,
  "singleAttributePerLine": false,
  "bracketSameLine": false,
  "jsxBracketSameLine": false,
  "jsxSingleQuote": false,
  "printWidth": 80,
  "proseWrap": "preserve",
  "quoteProps": "as-needed",
  "requirePragma": false,
  "semi": true,
  "singleQuote": false,
  "tabWidth": 2,
  "trailingComma": "es5",
  "useTabs": false,
  "vueIndentScriptAndStyle": false,
  "filepath": "/home/amateur_hacker/.config/Code/User/settings.json",
  "parser": "json"
}
["INFO" - 9:05:16 PM] Formatting completed in 23ms.
