Visual Studio Code (1.74.2, undefined, desktop)
Jupyter Extension Version: 2022.11.1003412109.
Python Extension not installed.
No workspace folder opened.
info 21:01:54.490: ZMQ install verified.
info 21:01:55.101: LSP Notebooks experiment is disabled -- not using Pylance
info 21:01:55.133: Process Execution: > jupyter notebook --version
> jupyter notebook --version
info 21:01:55.146: Process Execution: > jupyter lab --version
> jupyter lab --version
info 21:02:08.336: Got empty env vars with python /usr/bin/python in 16ms
info 21:02:08.352: Process Execution: > /usr/bin/python -m pip list
> /usr/bin/python -m pip list
info 21:02:08.415: Process Execution: > /usr/bin/python -c "import pip"
> /usr/bin/python -c "import pip"
error 21:02:08.489: interpreterPackages getPackageInformation, Class name = r, completed in 170ms, has a falsy return value, Arg 1: {"interpreter":{"id":"/usr/bin/python","sysPrefix":"/usr","displayPath":{"$mid":1,"path":"/usr/bin/python","scheme":"file"},"envName":"","uri":{"$mid":1,"fsPath":"/usr/bin/python","external":"file:///usr/bin/python","path":"/usr/bin/python","scheme":"file"},"displayName":"","envType":"Unknown","version":{"major":3,"minor":10,"patch":9,"raw":"3.10.9 (main, Dec 19 2022, 17:35:49) [GCC 12.2.0]"}}} i [Error]: Module 'pip' not installed.
    at l.execModule (/home/amateur_hacker/.vscode/extensions/ms-toolsai.jupyter-2022.11.1003412109/out/extension.node.js:7:82791)
    at r.getPackageInformation (/home/amateur_hacker/.vscode/extensions/ms-toolsai.jupyter-2022.11.1003412109/out/extension.node.js:17:42188) {
  category: 'notinstalled',
  moduleName: 'pip'
}
info 21:02:19.745: LSP Notebooks experiment is enabled
info 21:05:41.060: Shutting down notebooks for 87b3d029-c51f-499f-aa6c-f1c68be89ba8
info 21:05:41.060: Disposing HostJupyterExecution ee35dddb-7ef8-4e27-9e0c-4779ca56e3c7
info 21:05:41.060: Disposing super HostJupyterExecution ee35dddb-7ef8-4e27-9e0c-4779ca56e3c7
info 21:05:41.061: Disposing HostJupyterExecution ee35dddb-7ef8-4e27-9e0c-4779ca56e3c7
info 21:05:41.061: Finished disposing HostJupyterExecution  ee35dddb-7ef8-4e27-9e0c-4779ca56e3c7
info 21:05:41.073: Cleaning up server cache ee35dddb-7ef8-4e27-9e0c-4779ca56e3c7
info 21:05:41.074: Finished disposing HostJupyterExecution  ee35dddb-7ef8-4e27-9e0c-4779ca56e3c7
