2022-12-29 23:57:11.754 [info] Extension host with pid 56899 started
2022-12-29 23:57:11.807 [info] ExtensionService#_doActivateExtension vscode.microsoft-authentication, startup: false, activationEvent: 'onAuthenticationRequest:microsoft'
2022-12-29 23:57:11.910 [info] ExtensionService#_doActivateExtension vscode.git-base, startup: true, activationEvent: '*', root cause: vscode.git
2022-12-29 23:57:11.927 [info] ExtensionService#_doActivateExtension christian-kohler.path-intellisense, startup: true, activationEvent: '*'
2022-12-29 23:57:12.272 [info] ExtensionService#_doActivateExtension formulahendry.auto-close-tag, startup: true, activationEvent: '*'
2022-12-29 23:57:12.373 [info] ExtensionService#_doActivateExtension formulahendry.auto-rename-tag, startup: true, activationEvent: '*'
2022-12-29 23:57:12.534 [info] ExtensionService#_doActivateExtension naumovs.color-highlight, startup: true, activationEvent: '*'
2022-12-29 23:57:12.592 [info] ExtensionService#_doActivateExtension vscodevim.vim, startup: true, activationEvent: '*'
2022-12-29 23:57:12.794 [info] ExtensionService#_doActivateExtension vscode.git, startup: true, activationEvent: '*'
2022-12-29 23:57:12.914 [info] ExtensionService#_doActivateExtension vscode.github, startup: true, activationEvent: '*'
2022-12-29 23:57:13.039 [info] Eager extensions activated
2022-12-29 23:57:13.070 [info] ExtensionService#_doActivateExtension vscode.debug-auto-launch, startup: false, activationEvent: 'onStartupFinished'
2022-12-29 23:57:13.143 [info] ExtensionService#_doActivateExtension vscode.emmet, startup: false, activationEvent: 'onStartupFinished'
2022-12-29 23:57:13.196 [info] ExtensionService#_doActivateExtension vscode.merge-conflict, startup: false, activationEvent: 'onStartupFinished'
2022-12-29 23:57:13.279 [info] ExtensionService#_doActivateExtension bradlc.vscode-tailwindcss, startup: false, activationEvent: 'onStartupFinished'
2022-12-29 23:57:13.434 [info] ExtensionService#_doActivateExtension dbaeumer.vscode-eslint, startup: false, activationEvent: 'onStartupFinished'
2022-12-29 23:57:13.526 [info] ExtensionService#_doActivateExtension vscode.npm, startup: false, activationEvent: 'onStartupFinished', root cause: esbenp.prettier-vscode
2022-12-29 23:57:13.610 [info] ExtensionService#_doActivateExtension formulahendry.code-runner, startup: false, activationEvent: 'onStartupFinished'
2022-12-29 23:57:13.828 [info] ExtensionService#_doActivateExtension ritwickdey.LiveServer, startup: false, activationEvent: 'onStartupFinished'
2022-12-29 23:57:13.847 [info] ExtensionService#_doActivateExtension usernamehw.errorlens, startup: false, activationEvent: 'onStartupFinished'
2022-12-29 23:57:13.857 [info] ExtensionService#_doActivateExtension vscode-icons-team.vscode-icons, startup: false, activationEvent: 'onStartupFinished'
2022-12-29 23:57:13.959 [error] Error: ENOENT: no such file or directory, open '/home/amateur_hacker/.config/Code/User/globalStorage/vscodevim.vim/.registers'
2022-12-29 23:57:14.085 [info] ExtensionService#_doActivateExtension esbenp.prettier-vscode, startup: false, activationEvent: 'onStartupFinished'
2022-12-29 23:57:14.941 [info] ExtensionService#_doActivateExtension vscode.github-authentication, startup: false, activationEvent: 'onAuthenticationRequest:github'
2022-12-29 23:57:16.591 [info] ExtensionService#_doActivateExtension vscode.configuration-editing, startup: false, activationEvent: 'onLanguage:jsonc'
2022-12-29 23:57:16.625 [info] ExtensionService#_doActivateExtension vscode.json-language-features, startup: false, activationEvent: 'onLanguage:jsonc'
2022-12-29 23:57:16.712 [info] ExtensionService#_doActivateExtension vscode.typescript-language-features, startup: false, activationEvent: 'onLanguage:jsonc'
2022-12-29 23:57:22.322 [info] Extension host terminating: renderer closed the MessagePort
2022-12-29 23:57:22.362 [error] Error: ENOENT: no such file or directory, open '/home/amateur_hacker/.config/Code/User/globalStorage/vscodevim.vim/.registers'
2022-12-29 23:57:22.365 [info] Extension host with pid 56899 exiting with code 0
