2022-12-26 21:00:53.834 [info] Reading sessions from keychain...
2022-12-26 21:00:53.834 [info] Getting sessions for user:email...
2022-12-26 21:00:53.834 [info] Got 0 sessions for user:email...
2022-12-26 21:00:53.834 [info] Getting sessions for all scopes...
2022-12-26 21:00:53.834 [info] Got 0 sessions for ...
2022-12-26 21:00:54.140 [info] Getting sessions for all scopes...
2022-12-26 21:00:54.140 [info] Got 0 sessions for ...
2022-12-26 21:00:57.884 [info] Getting sessions for user:email...
2022-12-26 21:00:57.884 [info] Got 0 sessions for user:email...
2022-12-26 21:01:24.711 [info] Getting sessions for user:email...
2022-12-26 21:01:24.711 [info] Got 0 sessions for user:email...
2022-12-26 21:01:24.711 [info] Getting sessions for user:email...
2022-12-26 21:01:24.711 [info] Got 0 sessions for user:email...
2022-12-26 21:02:52.992 [info] Getting sessions for all scopes...
2022-12-26 21:02:52.992 [info] Got 0 sessions for ...
2022-12-26 21:02:55.925 [info] Getting sessions for all scopes...
2022-12-26 21:02:55.925 [info] Got 0 sessions for ...
2022-12-26 21:03:03.101 [info] Getting sessions for all scopes...
2022-12-26 21:03:03.101 [info] Got 0 sessions for ...
2022-12-26 21:03:05.558 [info] Getting sessions for all scopes...
2022-12-26 21:03:05.558 [info] Got 0 sessions for ...
2022-12-26 21:03:05.706 [info] Getting sessions for user:email...
2022-12-26 21:03:05.706 [info] Got 0 sessions for user:email...
2022-12-26 21:03:13.726 [info] Getting sessions for all scopes...
2022-12-26 21:03:13.727 [info] Got 0 sessions for ...
2022-12-26 21:03:44.792 [info] Getting sessions for all scopes...
2022-12-26 21:03:44.792 [info] Got 0 sessions for ...
2022-12-26 21:03:54.447 [info] Getting sessions for all scopes...
2022-12-26 21:03:54.447 [info] Got 0 sessions for ...
2022-12-26 21:03:57.263 [info] Getting sessions for all scopes...
2022-12-26 21:03:57.263 [info] Got 0 sessions for ...
2022-12-26 21:03:59.071 [info] Getting sessions for all scopes...
2022-12-26 21:03:59.071 [info] Got 0 sessions for ...
2022-12-26 21:04:14.459 [info] Getting sessions for all scopes...
2022-12-26 21:04:14.459 [info] Got 0 sessions for ...
2022-12-26 21:04:16.745 [info] Getting sessions for all scopes...
2022-12-26 21:04:16.745 [info] Got 0 sessions for ...
2022-12-26 21:04:18.529 [info] Getting sessions for all scopes...
2022-12-26 21:04:18.529 [info] Got 0 sessions for ...
2022-12-26 21:04:20.416 [info] Getting sessions for all scopes...
2022-12-26 21:04:20.416 [info] Got 0 sessions for ...
2022-12-26 21:04:22.240 [info] Getting sessions for all scopes...
2022-12-26 21:04:22.240 [info] Got 0 sessions for ...
2022-12-26 21:04:24.328 [info] Getting sessions for all scopes...
2022-12-26 21:04:24.328 [info] Got 0 sessions for ...
2022-12-26 21:04:26.713 [info] Getting sessions for all scopes...
2022-12-26 21:04:26.713 [info] Got 0 sessions for ...
2022-12-26 21:04:28.520 [info] Getting sessions for all scopes...
2022-12-26 21:04:28.521 [info] Got 0 sessions for ...
2022-12-26 21:04:37.601 [info] Getting sessions for all scopes...
2022-12-26 21:04:37.601 [info] Got 0 sessions for ...
2022-12-26 21:04:47.412 [info] Getting sessions for all scopes...
2022-12-26 21:04:47.412 [info] Got 0 sessions for ...
2022-12-26 21:04:51.322 [info] Getting sessions for all scopes...
2022-12-26 21:04:51.322 [info] Got 0 sessions for ...
2022-12-26 21:04:55.010 [info] Getting sessions for all scopes...
2022-12-26 21:04:55.010 [info] Got 0 sessions for ...
2022-12-26 21:04:58.369 [info] Getting sessions for all scopes...
2022-12-26 21:04:58.369 [info] Got 0 sessions for ...
2022-12-26 21:05:02.329 [info] Getting sessions for all scopes...
2022-12-26 21:05:02.329 [info] Got 0 sessions for ...
2022-12-26 21:05:08.290 [info] Getting sessions for all scopes...
2022-12-26 21:05:08.290 [info] Got 0 sessions for ...
2022-12-26 21:05:18.803 [info] Getting sessions for all scopes...
2022-12-26 21:05:18.803 [info] Got 0 sessions for ...
2022-12-26 21:05:20.402 [info] Getting sessions for all scopes...
2022-12-26 21:05:20.402 [info] Got 0 sessions for ...
2022-12-26 21:05:32.067 [info] Getting sessions for all scopes...
2022-12-26 21:05:32.067 [info] Got 0 sessions for ...
