2022-12-26 21:00:53.475 [info] Extension host with pid 8485 started
2022-12-26 21:00:53.532 [info] ExtensionService#_doActivateExtension vscode.microsoft-authentication, startup: false, activationEvent: 'onAuthenticationRequest:microsoft'
2022-12-26 21:00:53.557 [info] ExtensionService#_doActivateExtension vscode.git-base, startup: true, activationEvent: '*', root cause: vscode.git
2022-12-26 21:00:53.607 [info] ExtensionService#_doActivateExtension vscode.git, startup: true, activationEvent: '*'
2022-12-26 21:00:53.643 [info] ExtensionService#_doActivateExtension vscode.github, startup: true, activationEvent: '*'
2022-12-26 21:00:53.699 [info] Eager extensions activated
2022-12-26 21:00:53.708 [info] ExtensionService#_doActivateExtension vscode.github-authentication, startup: false, activationEvent: 'onAuthenticationRequest:github'
2022-12-26 21:00:53.756 [info] ExtensionService#_doActivateExtension vscode.debug-auto-launch, startup: false, activationEvent: 'onStartupFinished'
2022-12-26 21:00:53.759 [info] ExtensionService#_doActivateExtension vscode.emmet, startup: false, activationEvent: 'onStartupFinished'
2022-12-26 21:00:53.767 [info] ExtensionService#_doActivateExtension vscode.merge-conflict, startup: false, activationEvent: 'onStartupFinished'
2022-12-26 21:01:34.533 [info] ExtensionService#_doActivateExtension formulahendry.code-runner, startup: false, activationEvent: 'onStartupFinished'
2022-12-26 21:01:36.186 [info] ExtensionService#_doActivateExtension christian-kohler.path-intellisense, startup: false, activationEvent: '*'
2022-12-26 21:01:36.263 [info] ExtensionService#_doActivateExtension formulahendry.auto-rename-tag, startup: false, activationEvent: '*'
2022-12-26 21:01:36.712 [info] ExtensionService#_doActivateExtension formulahendry.auto-close-tag, startup: false, activationEvent: '*'
2022-12-26 21:01:39.470 [info] ExtensionService#_doActivateExtension usernamehw.errorlens, startup: false, activationEvent: 'onStartupFinished'
2022-12-26 21:01:39.559 [info] ExtensionService#_doActivateExtension vscode.npm, startup: false, activationEvent: 'onStartupFinished', root cause: esbenp.prettier-vscode
2022-12-26 21:01:39.723 [info] ExtensionService#_doActivateExtension esbenp.prettier-vscode, startup: false, activationEvent: 'onStartupFinished'
2022-12-26 21:01:39.948 [info] ExtensionService#_doActivateExtension bradlc.vscode-tailwindcss, startup: false, activationEvent: 'onStartupFinished'
2022-12-26 21:01:41.627 [info] ExtensionService#_doActivateExtension vscodevim.vim, startup: false, activationEvent: '*'
2022-12-26 21:01:42.841 [error] Error: ENOENT: no such file or directory, open '/home/amateur_hacker/.config/Code/User/globalStorage/vscodevim.vim/.registers'
2022-12-26 21:01:47.563 [info] ExtensionService#_doActivateExtension ritwickdey.LiveServer, startup: false, activationEvent: 'onStartupFinished'
2022-12-26 21:01:54.072 [info] ExtensionService#_doActivateExtension ms-toolsai.jupyter, startup: false, activationEvent: 'onWalkthrough:jupyterWelcome'
2022-12-26 21:01:55.201 [info] ExtensionService#_doActivateExtension ms-toolsai.jupyter-renderers, startup: false, activationEvent: 'api', root cause: ms-toolsai.jupyter
2022-12-26 21:01:56.486 [info] ExtensionService#_doActivateExtension dbaeumer.vscode-eslint, startup: false, activationEvent: 'onStartupFinished'
2022-12-26 21:02:00.428 [info] ExtensionService#_doActivateExtension naumovs.color-highlight, startup: false, activationEvent: '*'
2022-12-26 21:02:03.968 [info] ExtensionService#_doActivateExtension vscode-icons-team.vscode-icons, startup: false, activationEvent: 'onStartupFinished'
2022-12-26 21:02:06.123 [info] ExtensionService#_doActivateExtension ms-python.python, startup: false, activationEvent: 'api', root cause: ms-toolsai.jupyter
2022-12-26 21:02:09.494 [error] Error: Module 'pip' not installed.
    at l.execModule (/home/amateur_hacker/.vscode/extensions/ms-toolsai.jupyter-2022.11.1003412109/out/extension.node.js:7:82791)
    at r.getPackageInformation (/home/amateur_hacker/.vscode/extensions/ms-toolsai.jupyter-2022.11.1003412109/out/extension.node.js:17:42188)
2022-12-26 21:02:35.004 [info] ExtensionService#_doActivateExtension vscode.configuration-editing, startup: false, activationEvent: 'onLanguage:jsonc'
2022-12-26 21:02:35.034 [info] ExtensionService#_doActivateExtension vscode.json-language-features, startup: false, activationEvent: 'onLanguage:jsonc'
2022-12-26 21:02:35.212 [info] ExtensionService#_doActivateExtension vscode.typescript-language-features, startup: false, activationEvent: 'onLanguage:jsonc'
2022-12-26 21:05:41.037 [info] Extension host terminating: renderer closed the MessagePort
2022-12-26 21:05:41.092 [error] Error: ENOENT: no such file or directory, open '/home/amateur_hacker/.config/Code/User/globalStorage/vscodevim.vim/.registers'
2022-12-26 21:05:41.110 [info] Extension host with pid 8485 exiting with code 0
