2023-01-02 22:24:40.852 [info] Extension host with pid 45713 started
2023-01-02 22:24:40.852 [info] Skipping acquiring lock for /home/amateur_hacker/.config/Code/User/workspaceStorage/dd1db00841c36b711a73e5de5204ce8f.
2023-01-02 22:24:40.930 [info] ExtensionService#_doActivateExtension vscode.microsoft-authentication, startup: false, activationEvent: 'onAuthenticationRequest:microsoft'
2023-01-02 22:24:40.977 [info] ExtensionService#_doActivateExtension vscode.git-base, startup: true, activationEvent: '*'
2023-01-02 22:24:40.980 [info] ExtensionService#_doActivateExtension christian-kohler.path-intellisense, startup: true, activationEvent: '*'
2023-01-02 22:24:41.010 [info] ExtensionService#_doActivateExtension formulahendry.auto-close-tag, startup: true, activationEvent: '*'
2023-01-02 22:24:41.014 [info] ExtensionService#_doActivateExtension formulahendry.auto-rename-tag, startup: true, activationEvent: '*'
2023-01-02 22:24:41.030 [info] ExtensionService#_doActivateExtension naumovs.color-highlight, startup: true, activationEvent: '*'
2023-01-02 22:24:41.040 [info] ExtensionService#_doActivateExtension vscodevim.vim, startup: true, activationEvent: '*'
2023-01-02 22:24:41.173 [info] ExtensionService#_doActivateExtension vscode.github, startup: true, activationEvent: '*'
2023-01-02 22:24:41.514 [info] Eager extensions activated
2023-01-02 22:24:41.522 [info] ExtensionService#_doActivateExtension vscode.debug-auto-launch, startup: false, activationEvent: 'onStartupFinished'
2023-01-02 22:24:41.574 [info] ExtensionService#_doActivateExtension vscode.emmet, startup: false, activationEvent: 'onStartupFinished'
2023-01-02 22:24:41.643 [info] ExtensionService#_doActivateExtension vscode.merge-conflict, startup: false, activationEvent: 'onStartupFinished'
2023-01-02 22:24:41.738 [info] ExtensionService#_doActivateExtension vscode.npm, startup: false, activationEvent: 'onStartupFinished', root cause: esbenp.prettier-vscode
2023-01-02 22:24:41.807 [info] ExtensionService#_doActivateExtension vscode-icons-team.vscode-icons, startup: false, activationEvent: 'onStartupFinished'
2023-01-02 22:24:42.208 [error] Error: ENOENT: no such file or directory, open '/home/amateur_hacker/.config/Code/User/globalStorage/vscodevim.vim/.registers'
2023-01-02 22:24:42.226 [info] ExtensionService#_doActivateExtension esbenp.prettier-vscode, startup: false, activationEvent: 'onStartupFinished'
2023-01-02 22:24:42.581 [info] ExtensionService#_doActivateExtension vscode.github-authentication, startup: false, activationEvent: 'onAuthenticationRequest:github'
2023-01-02 22:24:43.739 [info] ExtensionService#_doActivateExtension vscode.configuration-editing, startup: false, activationEvent: 'onLanguage:jsonc'
2023-01-02 22:24:43.803 [info] ExtensionService#_doActivateExtension vscode.json-language-features, startup: false, activationEvent: 'onLanguage:jsonc'
2023-01-02 22:24:43.929 [info] ExtensionService#_doActivateExtension vscode.typescript-language-features, startup: false, activationEvent: 'onLanguage:jsonc'
2023-01-02 22:24:44.262 [info] Extension host terminating: renderer closed the MessagePort
2023-01-02 22:24:44.285 [error] Error: ENOENT: no such file or directory, open '/home/amateur_hacker/.config/Code/User/globalStorage/vscodevim.vim/.registers'
2023-01-02 22:24:44.285 [info] Extension host with pid 45713 exiting with code 0
