2023-01-03 00:18:46.811 [info] Extension host with pid 112828 started
2023-01-03 00:18:46.811 [info] Skipping acquiring lock for /home/amateur_hacker/.config/Code/User/workspaceStorage/4b95c4efdd35bf174aa3e1a3fed0e972.
2023-01-03 00:18:46.885 [info] ExtensionService#_doActivateExtension vscode.microsoft-authentication, startup: false, activationEvent: 'onAuthenticationRequest:microsoft'
2023-01-03 00:18:47.504 [info] ExtensionService#_doActivateExtension vscode.git-base, startup: true, activationEvent: '*'
2023-01-03 00:18:47.583 [info] ExtensionService#_doActivateExtension christian-kohler.path-intellisense, startup: true, activationEvent: '*'
2023-01-03 00:18:49.923 [info] ExtensionService#_doActivateExtension formulahendry.auto-close-tag, startup: true, activationEvent: '*'
2023-01-03 00:18:50.038 [info] ExtensionService#_doActivateExtension formulahendry.auto-rename-tag, startup: true, activationEvent: '*'
2023-01-03 00:18:50.179 [info] ExtensionService#_doActivateExtension naumovs.color-highlight, startup: true, activationEvent: '*'
2023-01-03 00:18:50.360 [info] ExtensionService#_doActivateExtension vscodevim.vim, startup: true, activationEvent: '*'
2023-01-03 00:18:50.732 [info] ExtensionService#_doActivateExtension vscode.github, startup: true, activationEvent: '*'
2023-01-03 00:18:51.732 [error] Error: ENOENT: no such file or directory, open '/home/amateur_hacker/.config/Code/User/globalStorage/vscodevim.vim/.registers'
2023-01-03 00:18:52.549 [info] ExtensionService#_doActivateExtension vscode.github-authentication, startup: false, activationEvent: 'onAuthenticationRequest:github'
2023-01-03 00:18:52.967 [info] Eager extensions activated
2023-01-03 00:18:52.969 [info] ExtensionService#_doActivateExtension vscode.debug-auto-launch, startup: false, activationEvent: 'onStartupFinished'
2023-01-03 00:18:53.070 [info] ExtensionService#_doActivateExtension vscode.emmet, startup: false, activationEvent: 'onStartupFinished'
2023-01-03 00:18:53.132 [info] ExtensionService#_doActivateExtension vscode.merge-conflict, startup: false, activationEvent: 'onStartupFinished'
2023-01-03 00:18:53.431 [info] ExtensionService#_doActivateExtension vscode.npm, startup: false, activationEvent: 'onStartupFinished', root cause: esbenp.prettier-vscode
2023-01-03 00:18:53.764 [info] ExtensionService#_doActivateExtension vscode-icons-team.vscode-icons, startup: false, activationEvent: 'onStartupFinished'
2023-01-03 00:18:54.415 [info] ExtensionService#_doActivateExtension vscode.configuration-editing, startup: false, activationEvent: 'onLanguage:jsonc'
2023-01-03 00:18:54.487 [info] ExtensionService#_doActivateExtension vscode.json-language-features, startup: false, activationEvent: 'onLanguage:jsonc'
2023-01-03 00:18:56.339 [info] ExtensionService#_doActivateExtension vscode.typescript-language-features, startup: false, activationEvent: 'onLanguage:jsonc'
2023-01-03 00:18:58.509 [info] ExtensionService#_doActivateExtension esbenp.prettier-vscode, startup: false, activationEvent: 'onStartupFinished'
2023-01-03 00:20:21.233 [info] Extension host terminating: renderer closed the MessagePort
2023-01-03 00:20:21.309 [error] Error: ENOENT: no such file or directory, open '/home/amateur_hacker/.config/Code/User/globalStorage/vscodevim.vim/.registers'
2023-01-03 00:20:21.330 [info] Extension host with pid 112828 exiting with code 0
