2022-12-26 21:00:09.976 [info] Reading sessions from keychain...
2022-12-26 21:00:09.976 [info] Getting sessions for all scopes...
2022-12-26 21:00:09.976 [info] Got 0 sessions for ...
2022-12-26 21:00:09.976 [info] Getting sessions for user:email...
2022-12-26 21:00:09.976 [info] Got 0 sessions for user:email...
2022-12-26 21:00:09.976 [info] Getting sessions for all scopes...
2022-12-26 21:00:09.976 [info] Got 0 sessions for ...
2022-12-26 21:00:15.107 [info] Getting sessions for all scopes...
2022-12-26 21:00:15.107 [info] Got 0 sessions for ...
2022-12-26 21:00:18.355 [info] Getting sessions for all scopes...
2022-12-26 21:00:18.355 [info] Got 0 sessions for ...
2022-12-26 21:00:19.234 [info] Getting sessions for all scopes...
2022-12-26 21:00:19.234 [info] Got 0 sessions for ...
2022-12-26 21:00:20.242 [info] Getting sessions for all scopes...
2022-12-26 21:00:20.242 [info] Got 0 sessions for ...
2022-12-26 21:00:23.803 [info] Getting sessions for all scopes...
2022-12-26 21:00:23.803 [info] Got 0 sessions for ...
2022-12-26 21:00:24.755 [info] Getting sessions for all scopes...
2022-12-26 21:00:24.755 [info] Got 0 sessions for ...
2022-12-26 21:00:25.611 [info] Getting sessions for all scopes...
2022-12-26 21:00:25.611 [info] Got 0 sessions for ...
2022-12-26 21:00:26.146 [info] Getting sessions for all scopes...
2022-12-26 21:00:26.146 [info] Got 0 sessions for ...
2022-12-26 21:00:29.874 [info] Getting sessions for user:email...
2022-12-26 21:00:29.874 [info] Got 0 sessions for user:email...
